0 info it worked if it ends with ok
1 verbose cli [ 'C:\\Program Files\\nodejs\\node.exe',
1 verbose cli   'C:\\Program Files\\nodejs\\node_modules\\npm\\bin\\npm-cli.js',
1 verbose cli   'start' ]
2 info using npm@3.10.10
3 info using node@v6.9.5
4 verbose run-script [ 'prestart', 'start', 'poststart' ]
5 info lifecycle node-js-sample@0.2.0~prestart: node-js-sample@0.2.0
6 silly lifecycle node-js-sample@0.2.0~prestart: no script for prestart, continuing
7 info lifecycle node-js-sample@0.2.0~start: node-js-sample@0.2.0
8 verbose lifecycle node-js-sample@0.2.0~start: unsafe-perm in lifecycle true
9 verbose lifecycle node-js-sample@0.2.0~start: PATH: C:\Program Files\nodejs\node_modules\npm\bin\node-gyp-bin;C:\Users\609081\Documents\Imperial\ExternalID PoC\herokuApp\node_modules\.bin;C:\Users\609081\AppData\Roaming\npm;C:\Program Files\nodejs\;C:\Program Files (x86)\Google\Chrome\Application;C:\Program Files\Dell\DW WLAN Card;C:\Program Files (x86)\Intel\iCLS Client\;C:\Program Files\Intel\iCLS Client\;C:\ProgramData\Oracle\Java\javapath;C:\windows\SYSTEM32;C:\windows;C:\windows\SYSTEM32\WBEM;C:\windows\SYSTEM32\WINDOWSPOWERSHELL\V1.0\;C:\PROGRAM FILES (X86)\INTEL\SERVICES\IPT\;C:\PROGRAM FILES (X86)\INTEL\OPENCL SDK\2.0\BIN\X86;C:\PROGRAM FILES (X86)\INTEL\OPENCL SDK\2.0\BIN\X64;C:\Program Files (x86)\Intel\Intel(R) Management Engine Components\DAL;C:\Program Files\Intel\Intel(R) Management Engine Components\DAL;C:\Program Files (x86)\Intel\Intel(R) Management Engine Components\IPT;C:\Program Files\Intel\Intel(R) Management Engine Components\IPT;C:\Program Files\WIDCOMM\Bluetooth Software\;C:\Program Files\WIDCOMM\Bluetooth Software\syswow64;C:\Users\609081\AppData\Roaming\npm;C:\Program Files (x86)\Heroku\bin;C:\Program Files (x86)\Google\Chrome\Application;C:\Program Files\Dell\DW WLAN Card;C:\Program Files (x86)\Intel\iCLS Client\;C:\Program Files\Intel\iCLS Client\;C:\ProgramData\Oracle\Java\javapath;C:\windows\SYSTEM32;C:\windows;C:\windows\SYSTEM32\WBEM;C:\windows\SYSTEM32\WINDOWSPOWERSHELL\V1.0\;C:\PROGRAM FILES (X86)\INTEL\SERVICES\IPT\;C:\PROGRAM FILES (X86)\INTEL\OPENCL SDK\2.0\BIN\X86;C:\PROGRAM FILES (X86)\INTEL\OPENCL SDK\2.0\BIN\X64;C:\Program Files (x86)\Intel\Intel(R) Management Engine Components\DAL;C:\Program Files\Intel\Intel(R) Management Engine Components\DAL;C:\Program Files (x86)\Intel\Intel(R) Management Engine Components\IPT;C:\Program Files\Intel\Intel(R) Management Engine Components\IPT;C:\Program Files\WIDCOMM\Bluetooth Software\;C:\Program Files\WIDCOMM\Bluetooth Software\syswow64;C:\Users\609081\AppData\Roaming\npm;C:\Program Files (x86)\Heroku\bin
10 verbose lifecycle node-js-sample@0.2.0~start: CWD: C:\Users\609081\Documents\Imperial\ExternalID PoC\herokuApp
11 silly lifecycle node-js-sample@0.2.0~start: Args: [ '/d /s /c', 'node index.js' ]
12 silly lifecycle node-js-sample@0.2.0~start: Returned: code: 3221225786  signal: null
13 info lifecycle node-js-sample@0.2.0~start: Failed to exec start script
14 verbose stack Error: node-js-sample@0.2.0 start: `node index.js`
14 verbose stack Exit status 3221225786
14 verbose stack     at EventEmitter.<anonymous> (C:\Program Files\nodejs\node_modules\npm\lib\utils\lifecycle.js:255:16)
14 verbose stack     at emitTwo (events.js:106:13)
14 verbose stack     at EventEmitter.emit (events.js:191:7)
14 verbose stack     at ChildProcess.<anonymous> (C:\Program Files\nodejs\node_modules\npm\lib\utils\spawn.js:40:14)
14 verbose stack     at emitTwo (events.js:106:13)
14 verbose stack     at ChildProcess.emit (events.js:191:7)
14 verbose stack     at maybeClose (internal/child_process.js:877:16)
14 verbose stack     at Process.ChildProcess._handle.onexit (internal/child_process.js:226:5)
15 verbose pkgid node-js-sample@0.2.0
16 verbose cwd C:\Users\609081\Documents\Imperial\ExternalID PoC\herokuApp
17 error Windows_NT 6.1.7601
18 error argv "C:\\Program Files\\nodejs\\node.exe" "C:\\Program Files\\nodejs\\node_modules\\npm\\bin\\npm-cli.js" "start"
19 error node v6.9.5
20 error npm  v3.10.10
21 error code ELIFECYCLE
22 error node-js-sample@0.2.0 start: `node index.js`
22 error Exit status 3221225786
23 error Failed at the node-js-sample@0.2.0 start script 'node index.js'.
23 error Make sure you have the latest version of node.js and npm installed.
23 error If you do, this is most likely a problem with the node-js-sample package,
23 error not with npm itself.
23 error Tell the author that this fails on your system:
23 error     node index.js
23 error You can get information on how to open an issue for this project with:
23 error     npm bugs node-js-sample
23 error Or if that isn't available, you can get their info via:
23 error     npm owner ls node-js-sample
23 error There is likely additional logging output above.
24 verbose exit [ 1, true ]
